This is pdfTeX, Version 3.1415926-2.5-1.40.14 (TeX Live 2013/Debian) (format=pdflatex 2014.9.24)  20 OCT 2014 20:31
entering extended mode
 restricted \write18 enabled.
 %&-line parsing enabled.
**proposal.tex
(./proposal.tex
LaTeX2e <2011/06/27>
Babel <3.9h> and hyphenation patterns for 2 languages loaded.
(/usr/share/texlive/texmf-dist/tex/latex/base/article.cls
Document Class: article 2007/10/19 v1.4h Standard LaTeX document class
(/usr/share/texlive/texmf-dist/tex/latex/base/size12.clo
File: size12.clo 2007/10/19 v1.4h Standard LaTeX file (size option)
)
\c@part=\count79
\c@section=\count80
\c@subsection=\count81
\c@subsubsection=\count82
\c@paragraph=\count83
\c@subparagraph=\count84
\c@figure=\count85
\c@table=\count86
\abovecaptionskip=\skip41
\belowcaptionskip=\skip42
\bibindent=\dimen102
)
(/usr/share/texlive/texmf-dist/tex/latex/tools/indentfirst.sty
Package: indentfirst 1995/11/23 v1.03 Indent first paragraph (DPC)
)
(/usr/share/texmf/tex/latex/CJK/CJK.sty
Package: CJK 2012/05/07 4.8.3

(/usr/share/texmf/tex/latex/CJK/mule/MULEenc.sty
Package: MULEenc 2012/05/07 4.8.3
)
(/usr/share/texmf/tex/latex/CJK/CJK.enc
File: CJK.enc 2012/05/07 4.8.3
)
LaTeX Info: Redefining \selectfont on input line 755.
\CJK@indent=\box26
)
(/usr/share/texlive/texmf-dist/tex/latex/graphics/color.sty
Package: color 2005/11/14 v1.0j Standard LaTeX Color (DPC)

(/usr/share/texlive/texmf-dist/tex/latex/latexconfig/color.cfg
File: color.cfg 2007/01/18 v1.5 color configuration of teTeX/TeXLive
)
Package color Info: Driver file: pdftex.def on input line 130.

(/usr/share/texlive/texmf-dist/tex/latex/pdftex-def/pdftex.def
File: pdftex.def 2011/05/27 v0.06d Graphics/color for pdfTeX

(/usr/share/texlive/texmf-dist/tex/generic/oberdiek/infwarerr.sty
Package: infwarerr 2010/04/08 v1.3 Providing info/warning/error messages (HO)
)
(/usr/share/texlive/texmf-dist/tex/generic/oberdiek/ltxcmds.sty
Package: ltxcmds 2011/11/09 v1.22 LaTeX kernel commands for general use (HO)
)
\Gread@gobject=\count87
))
(/usr/share/texlive/texmf-dist/tex/latex/graphics/graphicx.sty
Package: graphicx 1999/02/16 v1.0f Enhanced LaTeX Graphics (DPC,SPQR)

(/usr/share/texlive/texmf-dist/tex/latex/graphics/keyval.sty
Package: keyval 1999/03/16 v1.13 key=value parser (DPC)
\KV@toks@=\toks14
)
(/usr/share/texlive/texmf-dist/tex/latex/graphics/graphics.sty
Package: graphics 2009/02/05 v1.0o Standard LaTeX Graphics (DPC,SPQR)

(/usr/share/texlive/texmf-dist/tex/latex/graphics/trig.sty
Package: trig 1999/03/16 v1.09 sin cos tan (DPC)
)
(/usr/share/texlive/texmf-dist/tex/latex/latexconfig/graphics.cfg
File: graphics.cfg 2010/04/23 v1.9 graphics configuration of TeX Live
)
Package graphics Info: Driver file: pdftex.def on input line 91.
)
\Gin@req@height=\dimen103
\Gin@req@width=\dimen104
)
(./proposal.aux)
\openout1 = `proposal.aux'.

LaTeX Font Info:    Checking defaults for OML/cmm/m/it on input line 9.
LaTeX Font Info:    ... okay on input line 9.
LaTeX Font Info:    Checking defaults for T1/cmr/m/n on input line 9.
LaTeX Font Info:    ... okay on input line 9.
LaTeX Font Info:    Checking defaults for OT1/cmr/m/n on input line 9.
LaTeX Font Info:    ... okay on input line 9.
LaTeX Font Info:    Checking defaults for OMS/cmsy/m/n on input line 9.
LaTeX Font Info:    ... okay on input line 9.
LaTeX Font Info:    Checking defaults for OMX/cmex/m/n on input line 9.
LaTeX Font Info:    ... okay on input line 9.
LaTeX Font Info:    Checking defaults for U/cmr/m/n on input line 9.
LaTeX Font Info:    ... okay on input line 9.
LaTeX Font Info:    Checking defaults for C00/song/m/n on input line 9.
LaTeX Font Info:    ... okay on input line 9.
LaTeX Font Info:    Checking defaults for C05/song/m/n on input line 9.
LaTeX Font Info:    ... okay on input line 9.
LaTeX Font Info:    Checking defaults for C09/song/m/n on input line 9.
LaTeX Font Info:    ... okay on input line 9.
LaTeX Font Info:    Checking defaults for C10/song/m/n on input line 9.
LaTeX Font Info:    ... okay on input line 9.
LaTeX Font Info:    Checking defaults for C20/song/m/n on input line 9.
LaTeX Font Info:    ... okay on input line 9.
LaTeX Font Info:    Checking defaults for C19/song/m/n on input line 9.
LaTeX Font Info:    ... okay on input line 9.
LaTeX Font Info:    Checking defaults for C40/song/m/n on input line 9.
LaTeX Font Info:    ... okay on input line 9.
LaTeX Font Info:    Checking defaults for C42/song/m/n on input line 9.
LaTeX Font Info:    ... okay on input line 9.
LaTeX Font Info:    Checking defaults for C43/song/m/n on input line 9.
LaTeX Font Info:    ... okay on input line 9.
LaTeX Font Info:    Checking defaults for C50/song/m/n on input line 9.
LaTeX Font Info:    ... okay on input line 9.
LaTeX Font Info:    Checking defaults for C52/song/m/n on input line 9.
LaTeX Font Info:    ... okay on input line 9.
LaTeX Font Info:    Checking defaults for C49/song/m/n on input line 9.
LaTeX Font Info:    ... okay on input line 9.
LaTeX Font Info:    Checking defaults for C60/mj/m/n on input line 9.
LaTeX Font Info:    ... okay on input line 9.
LaTeX Font Info:    Checking defaults for C61/mj/m/n on input line 9.
LaTeX Font Info:    ... okay on input line 9.
LaTeX Font Info:    Checking defaults for C63/mj/m/n on input line 9.
LaTeX Font Info:    ... okay on input line 9.
LaTeX Font Info:    Checking defaults for C64/mj/m/n on input line 9.
LaTeX Font Info:    ... okay on input line 9.
LaTeX Font Info:    Checking defaults for C65/mj/m/n on input line 9.
LaTeX Font Info:    ... okay on input line 9.
LaTeX Font Info:    Checking defaults for C70/song/m/n on input line 9.
LaTeX Font Info:    ... okay on input line 9.
LaTeX Font Info:    Checking defaults for C31/song/m/n on input line 9.
LaTeX Font Info:    ... okay on input line 9.
LaTeX Font Info:    Checking defaults for C32/song/m/n on input line 9.
LaTeX Font Info:    ... okay on input line 9.
LaTeX Font Info:    Checking defaults for C33/song/m/n on input line 9.
LaTeX Font Info:    ... okay on input line 9.
LaTeX Font Info:    Checking defaults for C34/song/m/n on input line 9.
LaTeX Font Info:    ... okay on input line 9.
LaTeX Font Info:    Checking defaults for C35/song/m/n on input line 9.
LaTeX Font Info:    ... okay on input line 9.
LaTeX Font Info:    Checking defaults for C36/song/m/n on input line 9.
LaTeX Font Info:    ... okay on input line 9.
LaTeX Font Info:    Checking defaults for C37/song/m/n on input line 9.
LaTeX Font Info:    ... okay on input line 9.
LaTeX Font Info:    Checking defaults for C80/song/m/n on input line 9.
LaTeX Font Info:    ... okay on input line 9.
LaTeX Font Info:    Checking defaults for C81/song/m/n on input line 9.
LaTeX Font Info:    ... okay on input line 9.
LaTeX Font Info:    Checking defaults for C01/song/m/n on input line 9.
LaTeX Font Info:    ... okay on input line 9.
LaTeX Font Info:    Checking defaults for C11/song/m/n on input line 9.
LaTeX Font Info:    ... okay on input line 9.
LaTeX Font Info:    Checking defaults for C21/song/m/n on input line 9.
LaTeX Font Info:    ... okay on input line 9.
LaTeX Font Info:    Checking defaults for C41/song/m/n on input line 9.
LaTeX Font Info:    ... okay on input line 9.
LaTeX Font Info:    Checking defaults for C62/song/m/n on input line 9.
LaTeX Font Info:    ... okay on input line 9.
 (/usr/share/texlive/texmf-dist/tex/context/base/supp-pdf.mkii
[Loading MPS to PDF converter (version 2006.09.02).]
\scratchcounter=\count88
\scratchdimen=\dimen105
\scratchbox=\box27
\nofMPsegments=\count89
\nofMParguments=\count90
\everyMPshowfont=\toks15
\MPscratchCnt=\count91
\MPscratchDim=\dimen106
\MPnumerator=\count92
\makeMPintoPDFobject=\count93
\everyMPtoPDFconversion=\toks16
) (/usr/share/texlive/texmf-dist/tex/generic/oberdiek/pdftexcmds.sty
Package: pdftexcmds 2011/11/29 v0.20 Utility functions of pdfTeX for LuaTeX (HO
)

(/usr/share/texlive/texmf-dist/tex/generic/oberdiek/ifluatex.sty
Package: ifluatex 2010/03/01 v1.3 Provides the ifluatex switch (HO)
Package ifluatex Info: LuaTeX not detected.
)
(/usr/share/texlive/texmf-dist/tex/generic/oberdiek/ifpdf.sty
Package: ifpdf 2011/01/30 v2.3 Provides the ifpdf switch (HO)
Package ifpdf Info: pdfTeX in PDF mode is detected.
)
Package pdftexcmds Info: LuaTeX not detected.
Package pdftexcmds Info: \pdf@primitive is available.
Package pdftexcmds Info: \pdf@ifprimitive is available.
Package pdftexcmds Info: \pdfdraftmode found.
)
(/usr/share/texlive/texmf-dist/tex/latex/oberdiek/epstopdf-base.sty
Package: epstopdf-base 2010/02/09 v2.5 Base part for package epstopdf

(/usr/share/texlive/texmf-dist/tex/latex/oberdiek/grfext.sty
Package: grfext 2010/08/19 v1.1 Manage graphics extensions (HO)

(/usr/share/texlive/texmf-dist/tex/generic/oberdiek/kvdefinekeys.sty
Package: kvdefinekeys 2011/04/07 v1.3 Define keys (HO)
))
(/usr/share/texlive/texmf-dist/tex/latex/oberdiek/kvoptions.sty
Package: kvoptions 2011/06/30 v3.11 Key value format for package options (HO)

(/usr/share/texlive/texmf-dist/tex/generic/oberdiek/kvsetkeys.sty
Package: kvsetkeys 2012/04/25 v1.16 Key value parser (HO)

(/usr/share/texlive/texmf-dist/tex/generic/oberdiek/etexcmds.sty
Package: etexcmds 2011/02/16 v1.5 Avoid name clashes with e-TeX commands (HO)
Package etexcmds Info: Could not find \expanded.
(etexcmds)             That can mean that you are not using pdfTeX 1.50 or
(etexcmds)             that some package has redefined \expanded.
(etexcmds)             In the latter case, load this package earlier.
)))
Package grfext Info: Graphics extension search list:
(grfext)             [.png,.pdf,.jpg,.mps,.jpeg,.jbig2,.jb2,.PNG,.PDF,.JPG,.JPE
G,.JBIG2,.JB2,.eps]
(grfext)             \AppendGraphicsExtensions on input line 452.

(/usr/share/texlive/texmf-dist/tex/latex/latexconfig/epstopdf-sys.cfg
File: epstopdf-sys.cfg 2010/07/13 v1.3 Configuration of (r)epstopdf for TeX Liv
e
))
(/usr/share/texmf/tex/latex/CJK/UTF8/UTF8.bdg
File: UTF8.bdg 2012/05/07 4.8.3
)
(/usr/share/texmf/tex/latex/CJK/UTF8/UTF8.enc
File: UTF8.enc 2012/05/07 4.8.3
)
(/usr/share/texmf/tex/latex/CJK/UTF8/UTF8.chr
File: UTF8.chr 2012/05/07 4.8.3
)
LaTeX Font Info:    Try loading font information for C70+gbsn on input line 11.


(/usr/share/texmf/tex/latex/CJK/UTF8/c70gbsn.fd
File: c70gbsn.fd 2008/10/03 4.8.1
)
(/usr/share/texmf/tex/latex/CJK/UTF8/c70gbsn.fdx
File: c70gbsn.fdx 2012/05/07 4.8.3
)

LaTeX Font Warning: Font shape `C70/gbsn/m/sc' undefined
(Font)              using `C70/gbsn/m/n' instead on input line 15.

LaTeX Font Info:    External font `cmex10' loaded for size
(Font)              <12> on input line 18.
LaTeX Font Info:    External font `cmex10' loaded for size
(Font)              <8> on input line 18.
LaTeX Font Info:    External font `cmex10' loaded for size
(Font)              <6> on input line 18.
[1

{/var/lib/texmf/fonts/map/pdftex/updmap/pdftex.map}]
LaTeX Font Info:    External font `cmex10' loaded for size
(Font)              <7> on input line 47.
LaTeX Font Info:    External font `cmex10' loaded for size
(Font)              <5> on input line 47.
LaTeX Font Info:    Try loading font information for OMS+cmr on input line 53.

(/usr/share/texlive/texmf-dist/tex/latex/base/omscmr.fd
File: omscmr.fd 1999/05/25 v2.5h Standard LaTeX font definitions
)
LaTeX Font Info:    Font shape `OMS/cmr/m/n' in size <12> not available
(Font)              Font shape `OMS/cmsy/m/n' tried instead on input line 53.
 [1]
<image1.png, id=81, 374.90062pt x 277.78781pt>
File: image1.png Graphic file (type png)
 <use image1.png>
Package pdftex.def Info: image1.png used on input line 71.
(pdftex.def)             Requested size: 299.9209pt x 222.23053pt.
 [2 <./image1.png>] <image2.png, id=88, 340.27126pt x 322.95656pt>
File: image2.png Graphic file (type png)
 <use image2.png>
Package pdftex.def Info: image2.png used on input line 87.
(pdftex.def)             Requested size: 272.21736pt x 258.36559pt.

<image3.png, id=89, 353.82187pt x 339.51843pt>
File: image3.png Graphic file (type png)
 <use image3.png>
Package pdftex.def Info: image3.png used on input line 92.
(pdftex.def)             Requested size: 283.05788pt x 271.6151pt.
 [3 <./image2.png>] <image4.png, id=93, 367.3725pt x 335.75438pt>
File: image4.png Graphic file (type png)
 <use image4.png>
Package pdftex.def Info: image4.png used on input line 97.
(pdftex.def)             Requested size: 293.89838pt x 268.60387pt.

<image5.png, id=94, 363.60844pt x 327.47343pt>
File: image5.png Graphic file (type png)
 <use image5.png>
Package pdftex.def Info: image5.png used on input line 102.
(pdftex.def)             Requested size: 290.88713pt x 261.97911pt.
 [4 <./image3.png> <./image4.png>] [5 <./image5.png>] [6] [7

] [8] [9]
<BaiduMap.png, id=121, 1169.36874pt x 632.3625pt>
File: BaiduMap.png Graphic file (type png)
 <use BaiduMap.png>
Package pdftex.def Info: BaiduMap.png used on input line 185.
(pdftex.def)             Requested size: 350.81332pt x 189.7102pt.

<Meituan.png, id=122, 1360.08125pt x 681.54625pt>
File: Meituan.png Graphic file (type png)
 <use Meituan.png>
Package pdftex.def Info: Meituan.png used on input line 190.
(pdftex.def)             Requested size: 408.02753pt x 204.46545pt.

Overfull \hbox (47.40222pt too wide) in paragraph at lines 190--191
 [] 
 []

[10

 <./BaiduMap.png> <./Meituan.png>] [11] [12] [13]
Underfull \hbox (badness 10000) in paragraph at lines 253--254

 []


Underfull \hbox (badness 10000) in paragraph at lines 262--263

 []


Underfull \hbox (badness 10000) in paragraph at lines 264--266

 []


Underfull \hbox (badness 10000) in paragraph at lines 266--268

 []


Underfull \hbox (badness 10000) in paragraph at lines 268--270

 []


Underfull \hbox (badness 10000) in paragraph at lines 270--272

 []

[14]
Underfull \hbox (badness 10000) in paragraph at lines 272--274

 []


Underfull \hbox (badness 10000) in paragraph at lines 274--276

 []

[15] (./proposal.aux)

LaTeX Font Warning: Some font shapes were not available, defaults substituted.

 ) 
Here is how much of TeX's memory you used:
 3721 strings out of 495028
 55413 string characters out of 6181497
 114422 words of memory out of 5000000
 6816 multiletter control sequences out of 15000+600000
 52293 words of font info for 189 fonts, out of 8000000 for 9000
 14 hyphenation exceptions out of 8191
 37i,7n,28p,1319b,390s stack positions out of 5000i,500n,10000p,200000b,80000s
</usr/share/texlive/texmf-dist/fonts/type1/public/amsfonts/cm/cmbx12.pfb></us
r/share/texlive/texmf-dist/fonts/type1/public/amsfonts/cm/cmr12.pfb></usr/share
/texlive/texmf-dist/fonts/type1/public/amsfonts/cm/cmr7.pfb></usr/share/texlive
/texmf-dist/fonts/type1/public/amsfonts/cm/cmr8.pfb></usr/share/texlive/texmf-d
ist/fonts/type1/public/amsfonts/cm/cmsy10.pfb></usr/share/texmf/fonts/type1/arp
hic/gbsnu/gbsnu20.pfb></usr/share/texmf/fonts/type1/arphic/gbsnu/gbsnu30.pfb></
usr/share/texmf/fonts/type1/arphic/gbsnu/gbsnu4e.pfb></usr/share/texmf/fonts/ty
pe1/arphic/gbsnu/gbsnu4f.pfb></usr/share/texmf/fonts/type1/arphic/gbsnu/gbsnu50
.pfb></usr/share/texmf/fonts/type1/arphic/gbsnu/gbsnu51.pfb></usr/share/texmf/f
onts/type1/arphic/gbsnu/gbsnu52.pfb></usr/share/texmf/fonts/type1/arphic/gbsnu/
gbsnu53.pfb></usr/share/texmf/fonts/type1/arphic/gbsnu/gbsnu54.pfb></usr/share/
texmf/fonts/type1/arphic/gbsnu/gbsnu55.pfb></usr/share/texmf/fonts/type1/arphic
/gbsnu/gbsnu56.pfb></usr/share/texmf/fonts/type1/arphic/gbsnu/gbsnu57.pfb></usr
/share/texmf/fonts/type1/arphic/gbsnu/gbsnu58.pfb></usr/share/texmf/fonts/type1
/arphic/gbsnu/gbsnu59.pfb></usr/share/texmf/fonts/type1/arphic/gbsnu/gbsnu5a.pf
b></usr/share/texmf/fonts/type1/arphic/gbsnu/gbsnu5b.pfb></usr/share/texmf/font
s/type1/arphic/gbsnu/gbsnu5c.pfb></usr/share/texmf/fonts/type1/arphic/gbsnu/gbs
nu5d.pfb></usr/share/texmf/fonts/type1/arphic/gbsnu/gbsnu5e.pfb></usr/share/tex
mf/fonts/type1/arphic/gbsnu/gbsnu5f.pfb></usr/share/texmf/fonts/type1/arphic/gb
snu/gbsnu60.pfb></usr/share/texmf/fonts/type1/arphic/gbsnu/gbsnu61.pfb></usr/sh
are/texmf/fonts/type1/arphic/gbsnu/gbsnu62.pfb></usr/share/texmf/fonts/type1/ar
phic/gbsnu/gbsnu63.pfb></usr/share/texmf/fonts/type1/arphic/gbsnu/gbsnu64.pfb><
/usr/share/texmf/fonts/type1/arphic/gbsnu/gbsnu65.pfb></usr/share/texmf/fonts/t
ype1/arphic/gbsnu/gbsnu66.pfb></usr/share/texmf/fonts/type1/arphic/gbsnu/gbsnu6
7.pfb></usr/share/texmf/fonts/type1/arphic/gbsnu/gbsnu68.pfb></usr/share/texmf/
fonts/type1/arphic/gbsnu/gbsnu69.pfb></usr/share/texmf/fonts/type1/arphic/gbsnu
/gbsnu6a.pfb></usr/share/texmf/fonts/type1/arphic/gbsnu/gbsnu6b.pfb></usr/share
/texmf/fonts/type1/arphic/gbsnu/gbsnu6c.pfb></usr/share/texmf/fonts/type1/arphi
c/gbsnu/gbsnu6d.pfb></usr/share/texmf/fonts/type1/arphic/gbsnu/gbsnu6e.pfb></us
r/share/texmf/fonts/type1/arphic/gbsnu/gbsnu6f.pfb></usr/share/texmf/fonts/type
1/arphic/gbsnu/gbsnu70.pfb></usr/share/texmf/fonts/type1/arphic/gbsnu/gbsnu71.p
fb></usr/share/texmf/fonts/type1/arphic/gbsnu/gbsnu72.pfb></usr/share/texmf/fon
ts/type1/arphic/gbsnu/gbsnu73.pfb></usr/share/texmf/fonts/type1/arphic/gbsnu/gb
snu74.pfb></usr/share/texmf/fonts/type1/arphic/gbsnu/gbsnu75.pfb></usr/share/te
xmf/fonts/type1/arphic/gbsnu/gbsnu76.pfb></usr/share/texmf/fonts/type1/arphic/g
bsnu/gbsnu77.pfb></usr/share/texmf/fonts/type1/arphic/gbsnu/gbsnu78.pfb></usr/s
hare/texmf/fonts/type1/arphic/gbsnu/gbsnu79.pfb></usr/share/texmf/fonts/type1/a
rphic/gbsnu/gbsnu7a.pfb></usr/share/texmf/fonts/type1/arphic/gbsnu/gbsnu7b.pfb>
</usr/share/texmf/fonts/type1/arphic/gbsnu/gbsnu7c.pfb></usr/share/texmf/fonts/
type1/arphic/gbsnu/gbsnu7d.pfb></usr/share/texmf/fonts/type1/arphic/gbsnu/gbsnu
7e.pfb></usr/share/texmf/fonts/type1/arphic/gbsnu/gbsnu7f.pfb></usr/share/texmf
/fonts/type1/arphic/gbsnu/gbsnu80.pfb></usr/share/texmf/fonts/type1/arphic/gbsn
u/gbsnu81.pfb></usr/share/texmf/fonts/type1/arphic/gbsnu/gbsnu82.pfb></usr/shar
e/texmf/fonts/type1/arphic/gbsnu/gbsnu83.pfb></usr/share/texmf/fonts/type1/arph
ic/gbsnu/gbsnu84.pfb></usr/share/texmf/fonts/type1/arphic/gbsnu/gbsnu86.pfb></u
sr/share/texmf/fonts/type1/arphic/gbsnu/gbsnu88.pfb></usr/share/texmf/fonts/typ
e1/arphic/gbsnu/gbsnu89.pfb></usr/share/texmf/fonts/type1/arphic/gbsnu/gbsnu8a.
pfb></usr/share/texmf/fonts/type1/arphic/gbsnu/gbsnu8b.pfb></usr/share/texmf/fo
nts/type1/arphic/gbsnu/gbsnu8c.pfb></usr/share/texmf/fonts/type1/arphic/gbsnu/g
bsnu8d.pfb></usr/share/texmf/fonts/type1/arphic/gbsnu/gbsnu8e.pfb></usr/share/t
exmf/fonts/type1/arphic/gbsnu/gbsnu8f.pfb></usr/share/texmf/fonts/type1/arphic/
gbsnu/gbsnu90.pfb></usr/share/texmf/fonts/type1/arphic/gbsnu/gbsnu91.pfb></usr/
share/texmf/fonts/type1/arphic/gbsnu/gbsnu92.pfb></usr/share/texmf/fonts/type1/
arphic/gbsnu/gbsnu94.pfb></usr/share/texmf/fonts/type1/arphic/gbsnu/gbsnu95.pfb
></usr/share/texmf/fonts/type1/arphic/gbsnu/gbsnu96.pfb></usr/share/texmf/fonts
/type1/arphic/gbsnu/gbsnu97.pfb></usr/share/texmf/fonts/type1/arphic/gbsnu/gbsn
u98.pfb></usr/share/texmf/fonts/type1/arphic/gbsnu/gbsnu99.pfb></usr/share/texm
f/fonts/type1/arphic/gbsnu/gbsnu9a.pfb></usr/share/texmf/fonts/type1/arphic/gbs
nu/gbsnu9e.pfb></usr/share/texmf/fonts/type1/arphic/gbsnu/gbsnu9f.pfb></usr/sha
re/texmf/fonts/type1/arphic/gbsnu/gbsnuff.pfb>
Output written on proposal.pdf (16 pages, 1694625 bytes).
PDF statistics:
 401 PDF objects out of 1000 (max. 8388607)
 289 compressed objects within 3 object streams
 0 named destinations out of 1000 (max. 500000)
 36 words of extra memory for PDF output out of 10000 (max. 10000000)

